INFO:root:Client started
DEBUG:root:remote_host_IP_address
DEBUG:root:comm_server_host: 127.0.0.1
DEBUG:root:create_client_socket
INFO:root:client_socket successfully created
DEBUG:root:connect_to_server
INFO:root:Client successfully connected to server- IP address:127.0.0.1, port 1101
DEBUG:root:request_system_config
DEBUG:root:message_to_server: {'mode': 'CONFIG'}
DEBUG:root:message_from_server: b'{"device_info": {"device_mode": "physical", "device_type": "car", "device_name": "volvo", "device_status": "off"}, "sensor_info": [{"sensor_mode": "physical", "sensor_type": "speed_motor", "sensor_name": "motor1", "sensor_status": "off"}, {"sensor_mode": "physical", "sensor_type": "direction_motor", "sensor_name": "motor2", "sensor_status": "off"}]}'
DEBUG:root:request_system_config
DEBUG:root:message_to_server: {'mode': 'CONFIG'}
DEBUG:root:message_from_server: b'{"device_info": {"device_mode": "physical", "device_type": "car", "device_name": "volvo", "device_status": "off"}, "sensor_info": [{"sensor_mode": "physical", "sensor_type": "speed_motor", "sensor_name": "motor1", "sensor_status": "off"}, {"sensor_mode": "physical", "sensor_type": "direction_motor", "sensor_name": "motor2", "sensor_status": "off"}]}'
DEBUG:root:print_system_config
DEBUG:root:system_handler
INFO:root:Controlled system mod started
DEBUG:root:controlled_system
DEBUG:root:add_client_msg_header
DEBUG:root:msg_header: {'mode': 'MODE', 'device_mode': 'physical', 'device_type': 'car', 'device_name': 'volvo'}
DEBUG:root:message_to_server: {'mode': 'MODE', 'device_mode': 'physical', 'device_type': 'car', 'device_name': 'volvo', 'sens_action': '126'}
DEBUG:root:message_to_server: {'mode': 'MODE', 'device_mode': 'physical', 'device_type': 'car', 'device_name': 'volvo', 'sens_action': '125'}
DEBUG:root:message_to_server: {'mode': 'MODE', 'device_mode': 'physical', 'device_type': 'car', 'device_name': 'volvo', 'sens_action': '123'}
DEBUG:root:message_to_server: {'mode': 'MODE', 'device_mode': 'physical', 'device_type': 'car', 'device_name': 'volvo', 'sens_action': '125'}
DEBUG:root:message_to_server: {'mode': 'MODE', 'device_mode': 'physical', 'device_type': 'car', 'device_name': 'volvo', 'sens_action': '124'}
DEBUG:root:message_to_server: {'mode': 'MODE', 'device_mode': 'physical', 'device_type': 'car', 'device_name': 'volvo', 'sens_action': '125'}
DEBUG:root:message_to_server: {'mode': 'MODE', 'device_mode': 'physical', 'device_type': 'car', 'device_name': 'volvo', 'sens_action': '126'}
DEBUG:root:message_to_server: {'mode': 'MODE', 'device_mode': 'physical', 'device_type': 'car', 'device_name': 'volvo', 'sens_action': '123'}
DEBUG:root:message_to_server: {'mode': 'MODE', 'device_mode': 'physical', 'device_type': 'car', 'device_name': 'volvo', 'sens_action': '125'}
DEBUG:root:message_to_server: {'mode': 'MODE', 'device_mode': 'physical', 'device_type': 'car', 'device_name': 'volvo', 'sens_action': '124'}
DEBUG:root:message_to_server: {'mode': 'MODE', 'device_mode': 'physical', 'device_type': 'car', 'device_name': 'volvo', 'sens_action': '126'}
DEBUG:root:message_to_server: {'mode': 'MODE', 'device_mode': 'physical', 'device_type': 'car', 'device_name': 'volvo', 'sens_action': '123'}
DEBUG:root:message_to_server: {'mode': 'MODE', 'device_mode': 'physical', 'device_type': 'car', 'device_name': 'volvo', 'sens_action': '125'}
DEBUG:root:message_to_server: {'mode': 'MODE', 'device_mode': 'physical', 'device_type': 'car', 'device_name': 'volvo', 'sens_action': '49'}
DEBUG:root:message_to_server: {'mode': 'MODE', 'device_mode': 'physical', 'device_type': 'car', 'device_name': 'volvo', 'sens_action': '53'}
DEBUG:root:request_system_config
DEBUG:root:message_to_server: {'mode': 'CONFIG'}
DEBUG:root:message_from_server: b'{"device_info": {"device_mode": "physical", "device_type": "car", "device_name": "volvo", "device_status": "off"}, "sensor_info": [{"sensor_mode": "physical", "sensor_type": "speed_motor", "sensor_name": "motor1", "sensor_status": "off"}, {"sensor_mode": "physical", "sensor_type": "direction_motor", "sensor_name": "motor2", "sensor_status": "off"}]}'
DEBUG:root:print_system_config
DEBUG:root:system_handler
INFO:root:Controlled system mod started
DEBUG:root:controlled_system
DEBUG:root:add_client_msg_header
DEBUG:root:msg_header: {'mode': 'MODE', 'device_mode': 'physical', 'device_type': 'car', 'device_name': 'volvo'}
DEBUG:root:message_to_server: {'mode': 'MODE', 'device_mode': 'physical', 'device_type': 'car', 'device_name': 'volvo', 'sens_action': '2'}
DEBUG:root:message_to_server: {'mode': 'MODE', 'device_mode': 'physical', 'device_type': 'car', 'device_name': 'volvo', 'sens_action': '9'}
DEBUG:root:message_to_server: {'mode': 'MODE', 'device_mode': 'physical', 'device_type': 'car', 'device_name': 'volvo', 'sens_action': '9'}
DEBUG:root:message_to_server: {'mode': 'MODE', 'device_mode': 'physical', 'device_type': 'car', 'device_name': 'volvo', 'sens_action': '9,2'}
DEBUG:root:message_to_server: {'mode': 'MODE', 'device_mode': 'physical', 'device_type': 'car', 'device_name': 'volvo', 'sens_action': '9'}
DEBUG:root:message_to_server: {'mode': 'MODE', 'device_mode': 'physical', 'device_type': 'car', 'device_name': 'volvo', 'sens_action': '2'}
DEBUG:root:message_to_server: {'mode': 'MODE', 'device_mode': 'physical', 'device_type': 'car', 'device_name': 'volvo', 'sens_action': '2,9'}
DEBUG:root:message_to_server: {'mode': 'MODE', 'device_mode': 'physical', 'device_type': 'car', 'device_name': 'volvo', 'sens_action': '2,9,1'}
DEBUG:root:message_to_server: {'mode': 'MODE', 'device_mode': 'physical', 'device_type': 'car', 'device_name': 'volvo', 'sens_action': '2,1'}
DEBUG:root:message_to_server: {'mode': 'MODE', 'device_mode': 'physical', 'device_type': 'car', 'device_name': 'volvo', 'sens_action': '2'}
DEBUG:root:message_to_server: {'mode': 'MODE', 'device_mode': 'physical', 'device_type': 'car', 'device_name': 'volvo', 'sens_action': '2'}
DEBUG:root:message_to_server: {'mode': 'MODE', 'device_mode': 'physical', 'device_type': 'car', 'device_name': 'volvo', 'sens_action': '2,1'}
DEBUG:root:message_to_server: {'mode': 'MODE', 'device_mode': 'physical', 'device_type': 'car', 'device_name': 'volvo', 'sens_action': '2,1,49'}
DEBUG:root:message_to_server: {'mode': 'MODE', 'device_mode': 'physical', 'device_type': 'car', 'device_name': 'volvo', 'sens_action': '2,1'}
DEBUG:root:message_to_server: {'mode': 'MODE', 'device_mode': 'physical', 'device_type': 'car', 'device_name': 'volvo', 'sens_action': '2,1,9'}
DEBUG:root:message_to_server: {'mode': 'MODE', 'device_mode': 'physical', 'device_type': 'car', 'device_name': 'volvo', 'sens_action': '2,1'}
DEBUG:root:message_to_server: {'mode': 'MODE', 'device_mode': 'physical', 'device_type': 'car', 'device_name': 'volvo', 'sens_action': '2,1,9'}
DEBUG:root:message_to_server: {'mode': 'MODE', 'device_mode': 'physical', 'device_type': 'car', 'device_name': 'volvo', 'sens_action': '2,9'}
DEBUG:root:message_to_server: {'mode': 'MODE', 'device_mode': 'physical', 'device_type': 'car', 'device_name': 'volvo', 'sens_action': '2'}
DEBUG:root:message_to_server: {'mode': 'MODE', 'device_mode': 'physical', 'device_type': 'car', 'device_name': 'volvo', 'sens_action': '36'}
DEBUG:root:message_to_server: {'mode': 'MODE', 'device_mode': 'physical', 'device_type': 'car', 'device_name': 'volvo', 'sens_action': '53'}
DEBUG:root:client_exit_handler
DEBUG:root:add_client_msg_header
DEBUG:root:msg_header: {'mode': 'QUIT', 'device_mode': 'physical', 'device_type': 'car', 'device_name': 'volvo'}
DEBUG:root:message_to_server: {'mode': 'QUIT', 'device_mode': 'physical', 'device_type': 'car', 'device_name': 'volvo'}
DEBUG:root:message_from_server: b'"client succesfully terminating"'
WARNING:root:client_exit_handler: msg_from_server client succesfully terminating
INFO:root:Client succesfully terminating
INFO:root:Client started
DEBUG:root:remote_host_IP_address
DEBUG:root:comm_server_host: 10.1.6.1
DEBUG:root:create_client_socket
INFO:root:client_socket successfully created
DEBUG:root:connect_to_server
INFO:root:Client successfully connected to server- IP address:10.1.6.1, port 1101
DEBUG:root:request_system_config
DEBUG:root:message_to_server: {'mode': 'CONFIG'}
DEBUG:root:message_from_server: b'{"device_info": {"device_status": "off", "device_type": "car", "device_mode": "physical", "device_name": "volvo"}, "sensor_info": [{"sensor_mode": "physical", "sensor_type": "speed_motor", "sensor_status": "off", "sensor_name": "motor1"}, {"sensor_mode": "physical", "sensor_type": "direction_motor", "sensor_status": "off", "sensor_name": "motor2"}]}'
DEBUG:root:request_system_config
DEBUG:root:message_to_server: {'mode': 'CONFIG'}
DEBUG:root:message_from_server: b'{"device_info": {"device_status": "off", "device_type": "car", "device_mode": "physical", "device_name": "volvo"}, "sensor_info": [{"sensor_mode": "physical", "sensor_type": "speed_motor", "sensor_status": "off", "sensor_name": "motor1"}, {"sensor_mode": "physical", "sensor_type": "direction_motor", "sensor_status": "off", "sensor_name": "motor2"}]}'
DEBUG:root:print_system_config
DEBUG:root:system_handler
INFO:root:Controlled system mod started
DEBUG:root:controlled_system
DEBUG:root:add_client_msg_header
DEBUG:root:msg_header: {'mode': 'MODE', 'device_mode': 'physical', 'device_type': 'car', 'device_name': 'volvo'}
DEBUG:root:message_to_server: {'mode': 'MODE', 'device_mode': 'physical', 'device_type': 'car', 'device_name': 'volvo', 'sens_action': '125'}
DEBUG:root:message_to_server: {'mode': 'MODE', 'device_mode': 'physical', 'device_type': 'car', 'device_name': 'volvo', 'sens_action': '123'}
DEBUG:root:message_to_server: {'mode': 'MODE', 'device_mode': 'physical', 'device_type': 'car', 'device_name': 'volvo', 'sens_action': '125'}
DEBUG:root:message_to_server: {'mode': 'MODE', 'device_mode': 'physical', 'device_type': 'car', 'device_name': 'volvo', 'sens_action': '123'}
DEBUG:root:message_to_server: {'mode': 'MODE', 'device_mode': 'physical', 'device_type': 'car', 'device_name': 'volvo', 'sens_action': '125'}
DEBUG:root:message_to_server: {'mode': 'MODE', 'device_mode': 'physical', 'device_type': 'car', 'device_name': 'volvo', 'sens_action': '125'}
DEBUG:root:message_to_server: {'mode': 'MODE', 'device_mode': 'physical', 'device_type': 'car', 'device_name': 'volvo', 'sens_action': '125'}
DEBUG:root:message_to_server: {'mode': 'MODE', 'device_mode': 'physical', 'device_type': 'car', 'device_name': 'volvo', 'sens_action': '126'}
DEBUG:root:message_to_server: {'mode': 'MODE', 'device_mode': 'physical', 'device_type': 'car', 'device_name': 'volvo', 'sens_action': '125'}
DEBUG:root:message_to_server: {'mode': 'MODE', 'device_mode': 'physical', 'device_type': 'car', 'device_name': 'volvo', 'sens_action': '125'}
DEBUG:root:message_to_server: {'mode': 'MODE', 'device_mode': 'physical', 'device_type': 'car', 'device_name': 'volvo', 'sens_action': '125'}
DEBUG:root:message_to_server: {'mode': 'MODE', 'device_mode': 'physical', 'device_type': 'car', 'device_name': 'volvo', 'sens_action': '125'}
DEBUG:root:message_to_server: {'mode': 'MODE', 'device_mode': 'physical', 'device_type': 'car', 'device_name': 'volvo', 'sens_action': '126'}
DEBUG:root:message_to_server: {'mode': 'MODE', 'device_mode': 'physical', 'device_type': 'car', 'device_name': 'volvo', 'sens_action': '125'}
DEBUG:root:message_to_server: {'mode': 'MODE', 'device_mode': 'physical', 'device_type': 'car', 'device_name': 'volvo', 'sens_action': '125'}
DEBUG:root:message_to_server: {'mode': 'MODE', 'device_mode': 'physical', 'device_type': 'car', 'device_name': 'volvo', 'sens_action': '125'}
DEBUG:root:message_to_server: {'mode': 'MODE', 'device_mode': 'physical', 'device_type': 'car', 'device_name': 'volvo', 'sens_action': '125'}
DEBUG:root:message_to_server: {'mode': 'MODE', 'device_mode': 'physical', 'device_type': 'car', 'device_name': 'volvo', 'sens_action': '125'}
DEBUG:root:message_to_server: {'mode': 'MODE', 'device_mode': 'physical', 'device_type': 'car', 'device_name': 'volvo', 'sens_action': '125'}
DEBUG:root:message_to_server: {'mode': 'MODE', 'device_mode': 'physical', 'device_type': 'car', 'device_name': 'volvo', 'sens_action': '125'}
DEBUG:root:message_to_server: {'mode': 'MODE', 'device_mode': 'physical', 'device_type': 'car', 'device_name': 'volvo', 'sens_action': '125'}
DEBUG:root:message_to_server: {'mode': 'MODE', 'device_mode': 'physical', 'device_type': 'car', 'device_name': 'volvo', 'sens_action': '125'}
DEBUG:root:message_to_server: {'mode': 'MODE', 'device_mode': 'physical', 'device_type': 'car', 'device_name': 'volvo', 'sens_action': '125'}
DEBUG:root:message_to_server: {'mode': 'MODE', 'device_mode': 'physical', 'device_type': 'car', 'device_name': 'volvo', 'sens_action': '125'}
DEBUG:root:message_to_server: {'mode': 'MODE', 'device_mode': 'physical', 'device_type': 'car', 'device_name': 'volvo', 'sens_action': '125'}
DEBUG:root:message_to_server: {'mode': 'MODE', 'device_mode': 'physical', 'device_type': 'car', 'device_name': 'volvo', 'sens_action': '126'}
DEBUG:root:message_to_server: {'mode': 'MODE', 'device_mode': 'physical', 'device_type': 'car', 'device_name': 'volvo', 'sens_action': '123'}
DEBUG:root:message_to_server: {'mode': 'MODE', 'device_mode': 'physical', 'device_type': 'car', 'device_name': 'volvo', 'sens_action': '125'}
DEBUG:root:message_to_server: {'mode': 'MODE', 'device_mode': 'physical', 'device_type': 'car', 'device_name': 'volvo', 'sens_action': '125'}
DEBUG:root:message_to_server: {'mode': 'MODE', 'device_mode': 'physical', 'device_type': 'car', 'device_name': 'volvo', 'sens_action': '125'}
DEBUG:root:message_to_server: {'mode': 'MODE', 'device_mode': 'physical', 'device_type': 'car', 'device_name': 'volvo', 'sens_action': '125'}
DEBUG:root:message_to_server: {'mode': 'MODE', 'device_mode': 'physical', 'device_type': 'car', 'device_name': 'volvo', 'sens_action': '125'}
DEBUG:root:message_to_server: {'mode': 'MODE', 'device_mode': 'physical', 'device_type': 'car', 'device_name': 'volvo', 'sens_action': '125'}
DEBUG:root:message_to_server: {'mode': 'MODE', 'device_mode': 'physical', 'device_type': 'car', 'device_name': 'volvo', 'sens_action': '124'}
DEBUG:root:message_to_server: {'mode': 'MODE', 'device_mode': 'physical', 'device_type': 'car', 'device_name': 'volvo', 'sens_action': '125'}
DEBUG:root:message_to_server: {'mode': 'MODE', 'device_mode': 'physical', 'device_type': 'car', 'device_name': 'volvo', 'sens_action': '125'}
DEBUG:root:message_to_server: {'mode': 'MODE', 'device_mode': 'physical', 'device_type': 'car', 'device_name': 'volvo', 'sens_action': '125'}
DEBUG:root:message_to_server: {'mode': 'MODE', 'device_mode': 'physical', 'device_type': 'car', 'device_name': 'volvo', 'sens_action': '125'}
DEBUG:root:message_to_server: {'mode': 'MODE', 'device_mode': 'physical', 'device_type': 'car', 'device_name': 'volvo', 'sens_action': '126'}
DEBUG:root:message_to_server: {'mode': 'MODE', 'device_mode': 'physical', 'device_type': 'car', 'device_name': 'volvo', 'sens_action': '125'}
DEBUG:root:message_to_server: {'mode': 'MODE', 'device_mode': 'physical', 'device_type': 'car', 'device_name': 'volvo', 'sens_action': '126'}
DEBUG:root:message_to_server: {'mode': 'MODE', 'device_mode': 'physical', 'device_type': 'car', 'device_name': 'volvo', 'sens_action': '125'}
DEBUG:root:message_to_server: {'mode': 'MODE', 'device_mode': 'physical', 'device_type': 'car', 'device_name': 'volvo', 'sens_action': '125'}
DEBUG:root:message_to_server: {'mode': 'MODE', 'device_mode': 'physical', 'device_type': 'car', 'device_name': 'volvo', 'sens_action': '125'}
DEBUG:root:message_to_server: {'mode': 'MODE', 'device_mode': 'physical', 'device_type': 'car', 'device_name': 'volvo', 'sens_action': '126'}
DEBUG:root:message_to_server: {'mode': 'MODE', 'device_mode': 'physical', 'device_type': 'car', 'device_name': 'volvo', 'sens_action': '126'}
DEBUG:root:message_to_server: {'mode': 'MODE', 'device_mode': 'physical', 'device_type': 'car', 'device_name': 'volvo', 'sens_action': '125'}
DEBUG:root:message_to_server: {'mode': 'MODE', 'device_mode': 'physical', 'device_type': 'car', 'device_name': 'volvo', 'sens_action': '125'}
DEBUG:root:message_to_server: {'mode': 'MODE', 'device_mode': 'physical', 'device_type': 'car', 'device_name': 'volvo', 'sens_action': '125'}
DEBUG:root:message_to_server: {'mode': 'MODE', 'device_mode': 'physical', 'device_type': 'car', 'device_name': 'volvo', 'sens_action': '125'}
DEBUG:root:message_to_server: {'mode': 'MODE', 'device_mode': 'physical', 'device_type': 'car', 'device_name': 'volvo', 'sens_action': '125'}
DEBUG:root:message_to_server: {'mode': 'MODE', 'device_mode': 'physical', 'device_type': 'car', 'device_name': 'volvo', 'sens_action': '126'}
DEBUG:root:message_to_server: {'mode': 'MODE', 'device_mode': 'physical', 'device_type': 'car', 'device_name': 'volvo', 'sens_action': '125'}
DEBUG:root:message_to_server: {'mode': 'MODE', 'device_mode': 'physical', 'device_type': 'car', 'device_name': 'volvo', 'sens_action': '125'}
DEBUG:root:message_to_server: {'mode': 'MODE', 'device_mode': 'physical', 'device_type': 'car', 'device_name': 'volvo', 'sens_action': '126'}
DEBUG:root:message_to_server: {'mode': 'MODE', 'device_mode': 'physical', 'device_type': 'car', 'device_name': 'volvo', 'sens_action': '125'}
DEBUG:root:message_to_server: {'mode': 'MODE', 'device_mode': 'physical', 'device_type': 'car', 'device_name': 'volvo', 'sens_action': '125'}
DEBUG:root:message_to_server: {'mode': 'MODE', 'device_mode': 'physical', 'device_type': 'car', 'device_name': 'volvo', 'sens_action': '125'}
DEBUG:root:message_to_server: {'mode': 'MODE', 'device_mode': 'physical', 'device_type': 'car', 'device_name': 'volvo', 'sens_action': '125'}
DEBUG:root:message_to_server: {'mode': 'MODE', 'device_mode': 'physical', 'device_type': 'car', 'device_name': 'volvo', 'sens_action': '125'}
DEBUG:root:message_to_server: {'mode': 'MODE', 'device_mode': 'physical', 'device_type': 'car', 'device_name': 'volvo', 'sens_action': '125'}
DEBUG:root:message_to_server: {'mode': 'MODE', 'device_mode': 'physical', 'device_type': 'car', 'device_name': 'volvo', 'sens_action': '125'}
DEBUG:root:message_to_server: {'mode': 'MODE', 'device_mode': 'physical', 'device_type': 'car', 'device_name': 'volvo', 'sens_action': '125'}
DEBUG:root:message_to_server: {'mode': 'MODE', 'device_mode': 'physical', 'device_type': 'car', 'device_name': 'volvo', 'sens_action': '125'}
DEBUG:root:message_to_server: {'mode': 'MODE', 'device_mode': 'physical', 'device_type': 'car', 'device_name': 'volvo', 'sens_action': '125'}
DEBUG:root:message_to_server: {'mode': 'MODE', 'device_mode': 'physical', 'device_type': 'car', 'device_name': 'volvo', 'sens_action': '125'}
DEBUG:root:message_to_server: {'mode': 'MODE', 'device_mode': 'physical', 'device_type': 'car', 'device_name': 'volvo', 'sens_action': '125'}
DEBUG:root:message_to_server: {'mode': 'MODE', 'device_mode': 'physical', 'device_type': 'car', 'device_name': 'volvo', 'sens_action': '125'}
DEBUG:root:message_to_server: {'mode': 'MODE', 'device_mode': 'physical', 'device_type': 'car', 'device_name': 'volvo', 'sens_action': '124'}
DEBUG:root:message_to_server: {'mode': 'MODE', 'device_mode': 'physical', 'device_type': 'car', 'device_name': 'volvo', 'sens_action': '124'}
DEBUG:root:message_to_server: {'mode': 'MODE', 'device_mode': 'physical', 'device_type': 'car', 'device_name': 'volvo', 'sens_action': '125'}
DEBUG:root:message_to_server: {'mode': 'MODE', 'device_mode': 'physical', 'device_type': 'car', 'device_name': 'volvo', 'sens_action': '125'}
DEBUG:root:message_to_server: {'mode': 'MODE', 'device_mode': 'physical', 'device_type': 'car', 'device_name': 'volvo', 'sens_action': '125'}
DEBUG:root:message_to_server: {'mode': 'MODE', 'device_mode': 'physical', 'device_type': 'car', 'device_name': 'volvo', 'sens_action': '125'}
DEBUG:root:message_to_server: {'mode': 'MODE', 'device_mode': 'physical', 'device_type': 'car', 'device_name': 'volvo', 'sens_action': '125'}
DEBUG:root:message_to_server: {'mode': 'MODE', 'device_mode': 'physical', 'device_type': 'car', 'device_name': 'volvo', 'sens_action': '125'}
DEBUG:root:message_to_server: {'mode': 'MODE', 'device_mode': 'physical', 'device_type': 'car', 'device_name': 'volvo', 'sens_action': '126'}
DEBUG:root:message_to_server: {'mode': 'MODE', 'device_mode': 'physical', 'device_type': 'car', 'device_name': 'volvo', 'sens_action': '125'}
DEBUG:root:message_to_server: {'mode': 'MODE', 'device_mode': 'physical', 'device_type': 'car', 'device_name': 'volvo', 'sens_action': '125'}
DEBUG:root:message_to_server: {'mode': 'MODE', 'device_mode': 'physical', 'device_type': 'car', 'device_name': 'volvo', 'sens_action': '125'}
DEBUG:root:message_to_server: {'mode': 'MODE', 'device_mode': 'physical', 'device_type': 'car', 'device_name': 'volvo', 'sens_action': '125'}
DEBUG:root:message_to_server: {'mode': 'MODE', 'device_mode': 'physical', 'device_type': 'car', 'device_name': 'volvo', 'sens_action': '125'}
DEBUG:root:message_to_server: {'mode': 'MODE', 'device_mode': 'physical', 'device_type': 'car', 'device_name': 'volvo', 'sens_action': '125'}
DEBUG:root:message_to_server: {'mode': 'MODE', 'device_mode': 'physical', 'device_type': 'car', 'device_name': 'volvo', 'sens_action': '125'}
DEBUG:root:message_to_server: {'mode': 'MODE', 'device_mode': 'physical', 'device_type': 'car', 'device_name': 'volvo', 'sens_action': '123'}
DEBUG:root:message_to_server: {'mode': 'MODE', 'device_mode': 'physical', 'device_type': 'car', 'device_name': 'volvo', 'sens_action': '123'}
DEBUG:root:message_to_server: {'mode': 'MODE', 'device_mode': 'physical', 'device_type': 'car', 'device_name': 'volvo', 'sens_action': '123'}
DEBUG:root:message_to_server: {'mode': 'MODE', 'device_mode': 'physical', 'device_type': 'car', 'device_name': 'volvo', 'sens_action': '123'}
DEBUG:root:message_to_server: {'mode': 'MODE', 'device_mode': 'physical', 'device_type': 'car', 'device_name': 'volvo', 'sens_action': '123,125'}
DEBUG:root:message_to_server: {'mode': 'MODE', 'device_mode': 'physical', 'device_type': 'car', 'device_name': 'volvo', 'sens_action': '125'}
DEBUG:root:message_to_server: {'mode': 'MODE', 'device_mode': 'physical', 'device_type': 'car', 'device_name': 'volvo', 'sens_action': '123'}
DEBUG:root:message_to_server: {'mode': 'MODE', 'device_mode': 'physical', 'device_type': 'car', 'device_name': 'volvo', 'sens_action': '123,125'}
DEBUG:root:message_to_server: {'mode': 'MODE', 'device_mode': 'physical', 'device_type': 'car', 'device_name': 'volvo', 'sens_action': '123'}
DEBUG:root:message_to_server: {'mode': 'MODE', 'device_mode': 'physical', 'device_type': 'car', 'device_name': 'volvo', 'sens_action': '123'}
DEBUG:root:message_to_server: {'mode': 'MODE', 'device_mode': 'physical', 'device_type': 'car', 'device_name': 'volvo', 'sens_action': '123,125'}
DEBUG:root:message_to_server: {'mode': 'MODE', 'device_mode': 'physical', 'device_type': 'car', 'device_name': 'volvo', 'sens_action': '125'}
DEBUG:root:message_to_server: {'mode': 'MODE', 'device_mode': 'physical', 'device_type': 'car', 'device_name': 'volvo', 'sens_action': '123'}
DEBUG:root:message_to_server: {'mode': 'MODE', 'device_mode': 'physical', 'device_type': 'car', 'device_name': 'volvo', 'sens_action': '123,125'}
DEBUG:root:message_to_server: {'mode': 'MODE', 'device_mode': 'physical', 'device_type': 'car', 'device_name': 'volvo', 'sens_action': '125'}
DEBUG:root:message_to_server: {'mode': 'MODE', 'device_mode': 'physical', 'device_type': 'car', 'device_name': 'volvo', 'sens_action': '123'}
DEBUG:root:message_to_server: {'mode': 'MODE', 'device_mode': 'physical', 'device_type': 'car', 'device_name': 'volvo', 'sens_action': '123,125'}
DEBUG:root:message_to_server: {'mode': 'MODE', 'device_mode': 'physical', 'device_type': 'car', 'device_name': 'volvo', 'sens_action': '125'}
DEBUG:root:message_to_server: {'mode': 'MODE', 'device_mode': 'physical', 'device_type': 'car', 'device_name': 'volvo', 'sens_action': '125'}
DEBUG:root:message_to_server: {'mode': 'MODE', 'device_mode': 'physical', 'device_type': 'car', 'device_name': 'volvo', 'sens_action': '125,123'}
DEBUG:root:message_to_server: {'mode': 'MODE', 'device_mode': 'physical', 'device_type': 'car', 'device_name': 'volvo', 'sens_action': '125,123'}
DEBUG:root:message_to_server: {'mode': 'MODE', 'device_mode': 'physical', 'device_type': 'car', 'device_name': 'volvo', 'sens_action': '125'}
DEBUG:root:message_to_server: {'mode': 'MODE', 'device_mode': 'physical', 'device_type': 'car', 'device_name': 'volvo', 'sens_action': '125'}
DEBUG:root:message_to_server: {'mode': 'MODE', 'device_mode': 'physical', 'device_type': 'car', 'device_name': 'volvo', 'sens_action': '125'}
DEBUG:root:message_to_server: {'mode': 'MODE', 'device_mode': 'physical', 'device_type': 'car', 'device_name': 'volvo', 'sens_action': '125'}
DEBUG:root:message_to_server: {'mode': 'MODE', 'device_mode': 'physical', 'device_type': 'car', 'device_name': 'volvo', 'sens_action': '125'}
DEBUG:root:message_to_server: {'mode': 'MODE', 'device_mode': 'physical', 'device_type': 'car', 'device_name': 'volvo', 'sens_action': '125'}
DEBUG:root:message_to_server: {'mode': 'MODE', 'device_mode': 'physical', 'device_type': 'car', 'device_name': 'volvo', 'sens_action': '125'}
DEBUG:root:message_to_server: {'mode': 'MODE', 'device_mode': 'physical', 'device_type': 'car', 'device_name': 'volvo', 'sens_action': '125'}
DEBUG:root:message_to_server: {'mode': 'MODE', 'device_mode': 'physical', 'device_type': 'car', 'device_name': 'volvo', 'sens_action': '125'}
DEBUG:root:message_to_server: {'mode': 'MODE', 'device_mode': 'physical', 'device_type': 'car', 'device_name': 'volvo', 'sens_action': '125'}
DEBUG:root:message_to_server: {'mode': 'MODE', 'device_mode': 'physical', 'device_type': 'car', 'device_name': 'volvo', 'sens_action': '125'}
DEBUG:root:message_to_server: {'mode': 'MODE', 'device_mode': 'physical', 'device_type': 'car', 'device_name': 'volvo', 'sens_action': '125'}
DEBUG:root:message_to_server: {'mode': 'MODE', 'device_mode': 'physical', 'device_type': 'car', 'device_name': 'volvo', 'sens_action': '125'}
DEBUG:root:message_to_server: {'mode': 'MODE', 'device_mode': 'physical', 'device_type': 'car', 'device_name': 'volvo', 'sens_action': '125'}
DEBUG:root:message_to_server: {'mode': 'MODE', 'device_mode': 'physical', 'device_type': 'car', 'device_name': 'volvo', 'sens_action': '125'}
DEBUG:root:message_to_server: {'mode': 'MODE', 'device_mode': 'physical', 'device_type': 'car', 'device_name': 'volvo', 'sens_action': '125'}
DEBUG:root:message_to_server: {'mode': 'MODE', 'device_mode': 'physical', 'device_type': 'car', 'device_name': 'volvo', 'sens_action': '125'}
DEBUG:root:message_to_server: {'mode': 'MODE', 'device_mode': 'physical', 'device_type': 'car', 'device_name': 'volvo', 'sens_action': '125'}
DEBUG:root:message_to_server: {'mode': 'MODE', 'device_mode': 'physical', 'device_type': 'car', 'device_name': 'volvo', 'sens_action': '125'}
DEBUG:root:message_to_server: {'mode': 'MODE', 'device_mode': 'physical', 'device_type': 'car', 'device_name': 'volvo', 'sens_action': '125'}
DEBUG:root:message_to_server: {'mode': 'MODE', 'device_mode': 'physical', 'device_type': 'car', 'device_name': 'volvo', 'sens_action': '125'}
DEBUG:root:message_to_server: {'mode': 'MODE', 'device_mode': 'physical', 'device_type': 'car', 'device_name': 'volvo', 'sens_action': '125'}
DEBUG:root:message_to_server: {'mode': 'MODE', 'device_mode': 'physical', 'device_type': 'car', 'device_name': 'volvo', 'sens_action': '125'}
DEBUG:root:message_to_server: {'mode': 'MODE', 'device_mode': 'physical', 'device_type': 'car', 'device_name': 'volvo', 'sens_action': '125'}
DEBUG:root:message_to_server: {'mode': 'MODE', 'device_mode': 'physical', 'device_type': 'car', 'device_name': 'volvo', 'sens_action': '126'}
DEBUG:root:message_to_server: {'mode': 'MODE', 'device_mode': 'physical', 'device_type': 'car', 'device_name': 'volvo', 'sens_action': '126'}
DEBUG:root:message_to_server: {'mode': 'MODE', 'device_mode': 'physical', 'device_type': 'car', 'device_name': 'volvo', 'sens_action': '126'}
DEBUG:root:message_to_server: {'mode': 'MODE', 'device_mode': 'physical', 'device_type': 'car', 'device_name': 'volvo', 'sens_action': '125'}
DEBUG:root:message_to_server: {'mode': 'MODE', 'device_mode': 'physical', 'device_type': 'car', 'device_name': 'volvo', 'sens_action': '125'}
DEBUG:root:message_to_server: {'mode': 'MODE', 'device_mode': 'physical', 'device_type': 'car', 'device_name': 'volvo', 'sens_action': '125'}
DEBUG:root:message_to_server: {'mode': 'MODE', 'device_mode': 'physical', 'device_type': 'car', 'device_name': 'volvo', 'sens_action': '125'}
DEBUG:root:message_to_server: {'mode': 'MODE', 'device_mode': 'physical', 'device_type': 'car', 'device_name': 'volvo', 'sens_action': '125'}
DEBUG:root:message_to_server: {'mode': 'MODE', 'device_mode': 'physical', 'device_type': 'car', 'device_name': 'volvo', 'sens_action': '125'}
DEBUG:root:message_to_server: {'mode': 'MODE', 'device_mode': 'physical', 'device_type': 'car', 'device_name': 'volvo', 'sens_action': '49'}
DEBUG:root:message_to_server: {'mode': 'MODE', 'device_mode': 'physical', 'device_type': 'car', 'device_name': 'volvo', 'sens_action': '53'}
DEBUG:root:client_exit_handler
DEBUG:root:add_client_msg_header
DEBUG:root:msg_header: {'mode': 'QUIT', 'device_mode': 'physical', 'device_type': 'car', 'device_name': 'volvo'}
DEBUG:root:message_to_server: {'mode': 'QUIT', 'device_mode': 'physical', 'device_type': 'car', 'device_name': 'volvo'}
DEBUG:root:message_from_server: b'"client succesfully terminating"'
WARNING:root:client_exit_handler: msg_from_server client succesfully terminating
INFO:root:Client succesfully terminating
INFO:root:Client started
DEBUG:root:remote_host_IP_address
DEBUG:root:comm_server_host: 127.0.0.1
DEBUG:root:create_client_socket
INFO:root:client_socket successfully created
DEBUG:root:connect_to_server
INFO:root:Client successfully connected to server- IP address:127.0.0.1, port 1102
DEBUG:root:request_system_config
DEBUG:root:message_to_server: {'mode': 'CONFIG'}
DEBUG:root:message_from_server: b'{"device_info": {"device_mode": "physical", "device_type": "car", "device_name": "volvo", "device_status": "off"}, "sensor_info": [{"sensor_mode": "physical", "sensor_type": "speed_motor", "sensor_name": "motor1", "sensor_status": "off"}, {"sensor_mode": "physical", "sensor_type": "direction_motor", "sensor_name": "motor2", "sensor_status": "off"}]}'
DEBUG:root:request_system_config
DEBUG:root:message_to_server: {'mode': 'CONFIG'}
DEBUG:root:message_from_server: b'{"device_info": {"device_mode": "physical", "device_type": "car", "device_name": "volvo", "device_status": "off"}, "sensor_info": [{"sensor_mode": "physical", "sensor_type": "speed_motor", "sensor_name": "motor1", "sensor_status": "off"}, {"sensor_mode": "physical", "sensor_type": "direction_motor", "sensor_name": "motor2", "sensor_status": "off"}]}'
DEBUG:root:print_system_config
DEBUG:root:system_handler
INFO:root:Controlled system mod started
DEBUG:root:controlled_system
DEBUG:root:add_client_msg_header
DEBUG:root:msg_header: {'mode': 'MODE', 'device_mode': 'physical', 'device_type': 'car', 'device_name': 'volvo'}
DEBUG:root:message_to_server: {'mode': 'MODE', 'device_mode': 'physical', 'device_type': 'car', 'device_name': 'volvo', 'sens_action': '126'}
DEBUG:root:message_to_server: {'mode': 'MODE', 'device_mode': 'physical', 'device_type': 'car', 'device_name': 'volvo', 'sens_action': '123'}
DEBUG:root:message_to_server: {'mode': 'MODE', 'device_mode': 'physical', 'device_type': 'car', 'device_name': 'volvo', 'sens_action': '125'}
DEBUG:root:message_to_server: {'mode': 'MODE', 'device_mode': 'physical', 'device_type': 'car', 'device_name': 'volvo', 'sens_action': '124'}
DEBUG:root:message_to_server: {'mode': 'MODE', 'device_mode': 'physical', 'device_type': 'car', 'device_name': 'volvo', 'sens_action': '125'}
DEBUG:root:message_to_server: {'mode': 'MODE', 'device_mode': 'physical', 'device_type': 'car', 'device_name': 'volvo', 'sens_action': '123'}
DEBUG:root:message_to_server: {'mode': 'MODE', 'device_mode': 'physical', 'device_type': 'car', 'device_name': 'volvo', 'sens_action': '126'}
DEBUG:root:message_to_server: {'mode': 'MODE', 'device_mode': 'physical', 'device_type': 'car', 'device_name': 'volvo', 'sens_action': '10'}
DEBUG:root:message_to_server: {'mode': 'MODE', 'device_mode': 'physical', 'device_type': 'car', 'device_name': 'volvo', 'sens_action': '36'}
DEBUG:root:message_to_server: {'mode': 'MODE', 'device_mode': 'physical', 'device_type': 'car', 'device_name': 'volvo', 'sens_action': '56'}
DEBUG:root:message_to_server: {'mode': 'MODE', 'device_mode': 'physical', 'device_type': 'car', 'device_name': 'volvo', 'sens_action': '56,8'}
DEBUG:root:message_to_server: {'mode': 'MODE', 'device_mode': 'physical', 'device_type': 'car', 'device_name': 'volvo', 'sens_action': '56'}
DEBUG:root:message_to_server: {'mode': 'MODE', 'device_mode': 'physical', 'device_type': 'car', 'device_name': 'volvo', 'sens_action': '56,31'}
DEBUG:root:message_to_server: {'mode': 'MODE', 'device_mode': 'physical', 'device_type': 'car', 'device_name': 'volvo', 'sens_action': '56'}
DEBUG:root:message_to_server: {'mode': 'MODE', 'device_mode': 'physical', 'device_type': 'car', 'device_name': 'volvo', 'sens_action': '56,45'}
DEBUG:root:message_to_server: {'mode': 'MODE', 'device_mode': 'physical', 'device_type': 'car', 'device_name': 'volvo', 'sens_action': '56'}
DEBUG:root:message_to_server: {'mode': 'MODE', 'device_mode': 'physical', 'device_type': 'car', 'device_name': 'volvo', 'sens_action': '56,3'}
DEBUG:root:message_to_server: {'mode': 'MODE', 'device_mode': 'physical', 'device_type': 'car', 'device_name': 'volvo', 'sens_action': '56'}
DEBUG:root:message_to_server: {'mode': 'MODE', 'device_mode': 'physical', 'device_type': 'car', 'device_name': 'volvo', 'sens_action': '56,34'}
DEBUG:root:message_to_server: {'mode': 'MODE', 'device_mode': 'physical', 'device_type': 'car', 'device_name': 'volvo', 'sens_action': '56'}
DEBUG:root:message_to_server: {'mode': 'MODE', 'device_mode': 'physical', 'device_type': 'car', 'device_name': 'volvo', 'sens_action': '56,5'}
DEBUG:root:message_to_server: {'mode': 'MODE', 'device_mode': 'physical', 'device_type': 'car', 'device_name': 'volvo', 'sens_action': '56'}
DEBUG:root:message_to_server: {'mode': 'MODE', 'device_mode': 'physical', 'device_type': 'car', 'device_name': 'volvo', 'sens_action': '36'}
DEBUG:root:message_to_server: {'mode': 'MODE', 'device_mode': 'physical', 'device_type': 'car', 'device_name': 'volvo', 'sens_action': '53'}
DEBUG:root:request_system_config
DEBUG:root:message_to_server: {'mode': 'CONFIG'}
DEBUG:root:message_from_server: b'{"device_info": {"device_mode": "physical", "device_type": "car", "device_name": "volvo", "device_status": "off"}, "sensor_info": [{"sensor_mode": "physical", "sensor_type": "speed_motor", "sensor_name": "motor1", "sensor_status": "off"}, {"sensor_mode": "physical", "sensor_type": "direction_motor", "sensor_name": "motor2", "sensor_status": "off"}]}'
DEBUG:root:print_system_config
DEBUG:root:request_system_config
DEBUG:root:message_to_server: {'mode': 'CONFIG'}
DEBUG:root:message_from_server: b'{"device_info": {"device_mode": "physical", "device_type": "car", "device_name": "volvo", "device_status": "off"}, "sensor_info": [{"sensor_mode": "physical", "sensor_type": "speed_motor", "sensor_name": "motor1", "sensor_status": "off"}, {"sensor_mode": "physical", "sensor_type": "direction_motor", "sensor_name": "motor2", "sensor_status": "off"}]}'
DEBUG:root:print_system_config
DEBUG:root:client_exit_handler
DEBUG:root:add_client_msg_header
DEBUG:root:msg_header: {'mode': 'QUIT', 'device_mode': 'physical', 'device_type': 'car', 'device_name': 'volvo'}
DEBUG:root:message_to_server: {'mode': 'QUIT', 'device_mode': 'physical', 'device_type': 'car', 'device_name': 'volvo'}
DEBUG:root:message_from_server: b'"client succesfully terminating"'
WARNING:root:client_exit_handler: msg_from_server client succesfully terminating
INFO:root:Client succesfully terminating
INFO:root:Client started
DEBUG:root:remote_host_IP_address
DEBUG:root:comm_server_host: 10.1.4.1
DEBUG:root:create_client_socket
INFO:root:client_socket successfully created
DEBUG:root:connect_to_server
INFO:root:Client successfully connected to server- IP address:10.1.4.1, port 1102
DEBUG:root:request_system_config
DEBUG:root:message_to_server: {'mode': 'CONFIG'}
DEBUG:root:message_from_server: b'{"device_info": {"device_name": "volvo", "device_mode": "physical", "device_type": "car", "device_status": "off"}, "sensor_info": [{"sensor_type": "speed_motor", "sensor_name": "motor1", "sensor_mode": "physical", "sensor_status": "off"}, {"sensor_type": "direction_motor", "sensor_name": "motor2", "sensor_mode": "physical", "sensor_status": "off"}]}'
DEBUG:root:request_system_config
DEBUG:root:message_to_server: {'mode': 'CONFIG'}
DEBUG:root:message_from_server: b'{"device_info": {"device_name": "volvo", "device_mode": "physical", "device_type": "car", "device_status": "off"}, "sensor_info": [{"sensor_type": "speed_motor", "sensor_name": "motor1", "sensor_mode": "physical", "sensor_status": "off"}, {"sensor_type": "direction_motor", "sensor_name": "motor2", "sensor_mode": "physical", "sensor_status": "off"}]}'
DEBUG:root:print_system_config
DEBUG:root:system_handler
INFO:root:Controlled system mod started
DEBUG:root:controlled_system
DEBUG:root:add_client_msg_header
DEBUG:root:msg_header: {'mode': 'MODE', 'device_mode': 'physical', 'device_type': 'car', 'device_name': 'volvo'}
DEBUG:root:message_to_server: {'mode': 'MODE', 'device_mode': 'physical', 'device_type': 'car', 'device_name': 'volvo', 'sens_action': '126'}
DEBUG:root:message_to_server: {'mode': 'MODE', 'device_mode': 'physical', 'device_type': 'car', 'device_name': 'volvo', 'sens_action': '123'}
DEBUG:root:message_to_server: {'mode': 'MODE', 'device_mode': 'physical', 'device_type': 'car', 'device_name': 'volvo', 'sens_action': '125'}
DEBUG:root:message_to_server: {'mode': 'MODE', 'device_mode': 'physical', 'device_type': 'car', 'device_name': 'volvo', 'sens_action': '124'}
DEBUG:root:message_to_server: {'mode': 'MODE', 'device_mode': 'physical', 'device_type': 'car', 'device_name': 'volvo', 'sens_action': '123'}
DEBUG:root:message_to_server: {'mode': 'MODE', 'device_mode': 'physical', 'device_type': 'car', 'device_name': 'volvo', 'sens_action': '53'}
DEBUG:root:client_exit_handler
DEBUG:root:add_client_msg_header
DEBUG:root:msg_header: {'mode': 'QUIT', 'device_mode': 'physical', 'device_type': 'car', 'device_name': 'volvo'}
DEBUG:root:message_to_server: {'mode': 'QUIT', 'device_mode': 'physical', 'device_type': 'car', 'device_name': 'volvo'}
DEBUG:root:message_from_server: b'"client succesfully terminating"'
WARNING:root:client_exit_handler: msg_from_server client succesfully terminating
INFO:root:Client succesfully terminating
INFO:root:Client started
DEBUG:root:remote_host_IP_address
DEBUG:root:comm_server_host: 10.1.4.1
DEBUG:root:create_client_socket
INFO:root:client_socket successfully created
DEBUG:root:connect_to_server
INFO:root:Client successfully connected to server- IP address:10.1.4.1, port 1102
DEBUG:root:request_system_config
DEBUG:root:message_to_server: {'mode': 'CONFIG'}
DEBUG:root:message_from_server: b'{"sensor_info": [{"sensor_type": "speed_motor", "sensor_name": "motor1", "sensor_status": "off", "sensor_mode": "physical"}, {"sensor_type": "direction_motor", "sensor_name": "motor2", "sensor_status": "off", "sensor_mode": "physical"}], "device_info": {"device_name": "volvo", "device_status": "off", "device_mode": "physical", "device_type": "car"}}'
DEBUG:root:request_system_config
DEBUG:root:message_to_server: {'mode': 'CONFIG'}
DEBUG:root:message_from_server: b'{"sensor_info": [{"sensor_type": "speed_motor", "sensor_name": "motor1", "sensor_status": "off", "sensor_mode": "physical"}, {"sensor_type": "direction_motor", "sensor_name": "motor2", "sensor_status": "off", "sensor_mode": "physical"}], "device_info": {"device_name": "volvo", "device_status": "off", "device_mode": "physical", "device_type": "car"}}'
DEBUG:root:print_system_config
DEBUG:root:system_handler
INFO:root:Controlled system mod started
DEBUG:root:controlled_system
DEBUG:root:add_client_msg_header
DEBUG:root:msg_header: {'mode': 'MODE', 'device_mode': 'physical', 'device_type': 'car', 'device_name': 'volvo'}
DEBUG:root:message_to_server: {'mode': 'MODE', 'device_mode': 'physical', 'device_type': 'car', 'device_name': 'volvo', 'sens_action': '126'}
DEBUG:root:message_to_server: {'mode': 'MODE', 'device_mode': 'physical', 'device_type': 'car', 'device_name': 'volvo', 'sens_action': '125'}
DEBUG:root:message_to_server: {'mode': 'MODE', 'device_mode': 'physical', 'device_type': 'car', 'device_name': 'volvo', 'sens_action': '125'}
DEBUG:root:message_to_server: {'mode': 'MODE', 'device_mode': 'physical', 'device_type': 'car', 'device_name': 'volvo', 'sens_action': '123'}
DEBUG:root:message_to_server: {'mode': 'MODE', 'device_mode': 'physical', 'device_type': 'car', 'device_name': 'volvo', 'sens_action': '126'}
DEBUG:root:message_to_server: {'mode': 'MODE', 'device_mode': 'physical', 'device_type': 'car', 'device_name': 'volvo', 'sens_action': '126'}
DEBUG:root:message_to_server: {'mode': 'MODE', 'device_mode': 'physical', 'device_type': 'car', 'device_name': 'volvo', 'sens_action': '125'}
DEBUG:root:message_to_server: {'mode': 'MODE', 'device_mode': 'physical', 'device_type': 'car', 'device_name': 'volvo', 'sens_action': '125'}
DEBUG:root:message_to_server: {'mode': 'MODE', 'device_mode': 'physical', 'device_type': 'car', 'device_name': 'volvo', 'sens_action': '124'}
DEBUG:root:message_to_server: {'mode': 'MODE', 'device_mode': 'physical', 'device_type': 'car', 'device_name': 'volvo', 'sens_action': '126'}
DEBUG:root:message_to_server: {'mode': 'MODE', 'device_mode': 'physical', 'device_type': 'car', 'device_name': 'volvo', 'sens_action': '126'}
DEBUG:root:message_to_server: {'mode': 'MODE', 'device_mode': 'physical', 'device_type': 'car', 'device_name': 'volvo', 'sens_action': '126'}
DEBUG:root:message_to_server: {'mode': 'MODE', 'device_mode': 'physical', 'device_type': 'car', 'device_name': 'volvo', 'sens_action': '126'}
DEBUG:root:message_to_server: {'mode': 'MODE', 'device_mode': 'physical', 'device_type': 'car', 'device_name': 'volvo', 'sens_action': '126'}
DEBUG:root:message_to_server: {'mode': 'MODE', 'device_mode': 'physical', 'device_type': 'car', 'device_name': 'volvo', 'sens_action': '126'}
DEBUG:root:message_to_server: {'mode': 'MODE', 'device_mode': 'physical', 'device_type': 'car', 'device_name': 'volvo', 'sens_action': '126'}
DEBUG:root:message_to_server: {'mode': 'MODE', 'device_mode': 'physical', 'device_type': 'car', 'device_name': 'volvo', 'sens_action': '126'}
DEBUG:root:message_to_server: {'mode': 'MODE', 'device_mode': 'physical', 'device_type': 'car', 'device_name': 'volvo', 'sens_action': '126,125'}
DEBUG:root:message_to_server: {'mode': 'MODE', 'device_mode': 'physical', 'device_type': 'car', 'device_name': 'volvo', 'sens_action': '126'}
DEBUG:root:message_to_server: {'mode': 'MODE', 'device_mode': 'physical', 'device_type': 'car', 'device_name': 'volvo', 'sens_action': '126,125'}
DEBUG:root:message_to_server: {'mode': 'MODE', 'device_mode': 'physical', 'device_type': 'car', 'device_name': 'volvo', 'sens_action': '125'}
DEBUG:root:message_to_server: {'mode': 'MODE', 'device_mode': 'physical', 'device_type': 'car', 'device_name': 'volvo', 'sens_action': '49'}
DEBUG:root:message_to_server: {'mode': 'MODE', 'device_mode': 'physical', 'device_type': 'car', 'device_name': 'volvo', 'sens_action': '53'}
INFO:root:Client started
DEBUG:root:remote_host_IP_address
DEBUG:root:comm_server_host: 10.1.1.1
DEBUG:root:create_client_socket
INFO:root:client_socket successfully created
DEBUG:root:connect_to_server
INFO:root:Client successfully connected to server- IP address:10.1.1.1, port 1102
DEBUG:root:request_system_config
DEBUG:root:message_to_server: {'mode': 'CONFIG'}
DEBUG:root:message_from_server: b'{"sensor_info": [{"sensor_name": "motor1", "sensor_status": "off", "sensor_type": "speed_motor", "sensor_mode": "physical"}, {"sensor_name": "motor2", "sensor_status": "off", "sensor_type": "direction_motor", "sensor_mode": "physical"}], "device_info": {"device_mode": "physical", "device_type": "car", "device_status": "off", "device_name": "volvo"}}'
DEBUG:root:request_system_config
DEBUG:root:message_to_server: {'mode': 'CONFIG'}
DEBUG:root:message_from_server: b'{"sensor_info": [{"sensor_name": "motor1", "sensor_status": "off", "sensor_type": "speed_motor", "sensor_mode": "physical"}, {"sensor_name": "motor2", "sensor_status": "off", "sensor_type": "direction_motor", "sensor_mode": "physical"}], "device_info": {"device_mode": "physical", "device_type": "car", "device_status": "off", "device_name": "volvo"}}'
DEBUG:root:print_system_config
DEBUG:root:system_handler
INFO:root:Controlled system mod started
DEBUG:root:controlled_system
DEBUG:root:add_client_msg_header
DEBUG:root:msg_header: {'mode': 'MODE', 'device_mode': 'physical', 'device_type': 'car', 'device_name': 'volvo'}
DEBUG:root:message_to_server: {'mode': 'MODE', 'device_mode': 'physical', 'device_type': 'car', 'device_name': 'volvo', 'sens_action': '126'}
DEBUG:root:message_to_server: {'mode': 'MODE', 'device_mode': 'physical', 'device_type': 'car', 'device_name': 'volvo', 'sens_action': '125'}
DEBUG:root:message_to_server: {'mode': 'MODE', 'device_mode': 'physical', 'device_type': 'car', 'device_name': 'volvo', 'sens_action': '124'}
DEBUG:root:message_to_server: {'mode': 'MODE', 'device_mode': 'physical', 'device_type': 'car', 'device_name': 'volvo', 'sens_action': '126'}
DEBUG:root:message_to_server: {'mode': 'MODE', 'device_mode': 'physical', 'device_type': 'car', 'device_name': 'volvo', 'sens_action': '124'}
DEBUG:root:message_to_server: {'mode': 'MODE', 'device_mode': 'physical', 'device_type': 'car', 'device_name': 'volvo', 'sens_action': '126'}
DEBUG:root:message_to_server: {'mode': 'MODE', 'device_mode': 'physical', 'device_type': 'car', 'device_name': 'volvo', 'sens_action': '124'}
DEBUG:root:message_to_server: {'mode': 'MODE', 'device_mode': 'physical', 'device_type': 'car', 'device_name': 'volvo', 'sens_action': '49'}
DEBUG:root:message_to_server: {'mode': 'MODE', 'device_mode': 'physical', 'device_type': 'car', 'device_name': 'volvo', 'sens_action': '53'}
INFO:root:Client started
DEBUG:root:remote_host_IP_address
DEBUG:root:comm_server_host: 10.1.2,1
DEBUG:root:create_client_socket
INFO:root:client_socket successfully created
DEBUG:root:connect_to_server
ERROR:root:Failed to connect to server: [Errno 8] nodename nor servname provided, or not known
Traceback (most recent call last):
  File "/Users/teresavazao/Documents/cadeiras/RV/RedesVeiculares-2017-2018/SmartMobCode/car-client/comm_services.py", line 32, in connect_to_server
    my_sock.connect((host, port))
socket.gaierror: [Errno 8] nodename nor servname provided, or not known
INFO:root:Client started
DEBUG:root:remote_host_IP_address
DEBUG:root:comm_server_host: 10.1.2,1
DEBUG:root:create_client_socket
INFO:root:client_socket successfully created
DEBUG:root:connect_to_server
ERROR:root:Failed to connect to server: [Errno 8] nodename nor servname provided, or not known
Traceback (most recent call last):
  File "/Users/teresavazao/Documents/cadeiras/RV/RedesVeiculares-2017-2018/SmartMobCode/car-client/comm_services.py", line 32, in connect_to_server
    my_sock.connect((host, port))
socket.gaierror: [Errno 8] nodename nor servname provided, or not known
INFO:root:Client started
DEBUG:root:remote_host_IP_address
DEBUG:root:comm_server_host: 10.1.2.1
DEBUG:root:create_client_socket
INFO:root:client_socket successfully created
DEBUG:root:connect_to_server
INFO:root:Client successfully connected to server- IP address:10.1.2.1, port 1102
DEBUG:root:request_system_config
DEBUG:root:message_to_server: {'mode': 'CONFIG'}
DEBUG:root:message_from_server: b'{"sensor_info": [{"sensor_type": "speed_motor", "sensor_name": "motor1", "sensor_status": "off", "sensor_mode": "physical"}, {"sensor_type": "direction_motor", "sensor_name": "motor2", "sensor_status": "off", "sensor_mode": "physical"}], "device_info": {"device_name": "volvo", "device_status": "off", "device_type": "car", "device_mode": "physical"}}'
DEBUG:root:request_system_config
DEBUG:root:message_to_server: {'mode': 'CONFIG'}
DEBUG:root:message_from_server: b'{"sensor_info": [{"sensor_type": "speed_motor", "sensor_name": "motor1", "sensor_status": "off", "sensor_mode": "physical"}, {"sensor_type": "direction_motor", "sensor_name": "motor2", "sensor_status": "off", "sensor_mode": "physical"}], "device_info": {"device_name": "volvo", "device_status": "off", "device_type": "car", "device_mode": "physical"}}'
DEBUG:root:print_system_config
DEBUG:root:system_handler
INFO:root:Controlled system mod started
DEBUG:root:controlled_system
DEBUG:root:add_client_msg_header
DEBUG:root:msg_header: {'mode': 'MODE', 'device_mode': 'physical', 'device_type': 'car', 'device_name': 'volvo'}
DEBUG:root:message_to_server: {'mode': 'MODE', 'device_mode': 'physical', 'device_type': 'car', 'device_name': 'volvo', 'sens_action': '126'}
DEBUG:root:message_to_server: {'mode': 'MODE', 'device_mode': 'physical', 'device_type': 'car', 'device_name': 'volvo', 'sens_action': '125'}
DEBUG:root:message_to_server: {'mode': 'MODE', 'device_mode': 'physical', 'device_type': 'car', 'device_name': 'volvo', 'sens_action': '123'}
DEBUG:root:message_to_server: {'mode': 'MODE', 'device_mode': 'physical', 'device_type': 'car', 'device_name': 'volvo', 'sens_action': '124'}
DEBUG:root:message_to_server: {'mode': 'MODE', 'device_mode': 'physical', 'device_type': 'car', 'device_name': 'volvo', 'sens_action': '125'}
DEBUG:root:message_to_server: {'mode': 'MODE', 'device_mode': 'physical', 'device_type': 'car', 'device_name': 'volvo', 'sens_action': '126'}
DEBUG:root:message_to_server: {'mode': 'MODE', 'device_mode': 'physical', 'device_type': 'car', 'device_name': 'volvo', 'sens_action': '126'}
DEBUG:root:message_to_server: {'mode': 'MODE', 'device_mode': 'physical', 'device_type': 'car', 'device_name': 'volvo', 'sens_action': '49'}
DEBUG:root:message_to_server: {'mode': 'MODE', 'device_mode': 'physical', 'device_type': 'car', 'device_name': 'volvo', 'sens_action': '53'}
INFO:root:Client started
DEBUG:root:remote_host_IP_address
DEBUG:root:comm_server_host: 10.1.5.1
DEBUG:root:create_client_socket
INFO:root:client_socket successfully created
DEBUG:root:connect_to_server
ERROR:root:Failed to connect to server: [Errno 61] Connection refused
Traceback (most recent call last):
  File "/Users/teresavazao/Documents/cadeiras/RV/RedesVeiculares-2017-2018/SmartMobCode/car-client/comm_services.py", line 32, in connect_to_server
    my_sock.connect((host, port))
ConnectionRefusedError: [Errno 61] Connection refused
INFO:root:Client started
DEBUG:root:remote_host_IP_address
DEBUG:root:comm_server_host: 10.1.5.1
DEBUG:root:create_client_socket
INFO:root:client_socket successfully created
DEBUG:root:connect_to_server
INFO:root:Client successfully connected to server- IP address:10.1.5.1, port 1102
DEBUG:root:request_system_config
DEBUG:root:message_to_server: {'mode': 'CONFIG'}
DEBUG:root:message_from_server: b'{"device_info": {"device_name": "volvo", "device_type": "car", "device_status": "off", "device_mode": "physical"}, "sensor_info": [{"sensor_mode": "physical", "sensor_name": "motor1", "sensor_status": "off", "sensor_type": "speed_motor"}, {"sensor_mode": "physical", "sensor_name": "motor2", "sensor_status": "off", "sensor_type": "direction_motor"}]}'
DEBUG:root:request_system_config
DEBUG:root:message_to_server: {'mode': 'CONFIG'}
DEBUG:root:message_from_server: b'{"device_info": {"device_name": "volvo", "device_type": "car", "device_status": "off", "device_mode": "physical"}, "sensor_info": [{"sensor_mode": "physical", "sensor_name": "motor1", "sensor_status": "off", "sensor_type": "speed_motor"}, {"sensor_mode": "physical", "sensor_name": "motor2", "sensor_status": "off", "sensor_type": "direction_motor"}]}'
DEBUG:root:print_system_config
DEBUG:root:system_handler
INFO:root:Controlled system mod started
DEBUG:root:controlled_system
DEBUG:root:add_client_msg_header
DEBUG:root:msg_header: {'mode': 'MODE', 'device_mode': 'physical', 'device_type': 'car', 'device_name': 'volvo'}
DEBUG:root:message_to_server: {'mode': 'MODE', 'device_mode': 'physical', 'device_type': 'car', 'device_name': 'volvo', 'sens_action': '126'}
DEBUG:root:message_to_server: {'mode': 'MODE', 'device_mode': 'physical', 'device_type': 'car', 'device_name': 'volvo', 'sens_action': '123'}
DEBUG:root:message_to_server: {'mode': 'MODE', 'device_mode': 'physical', 'device_type': 'car', 'device_name': 'volvo', 'sens_action': '125'}
DEBUG:root:message_to_server: {'mode': 'MODE', 'device_mode': 'physical', 'device_type': 'car', 'device_name': 'volvo', 'sens_action': '124'}
DEBUG:root:message_to_server: {'mode': 'MODE', 'device_mode': 'physical', 'device_type': 'car', 'device_name': 'volvo', 'sens_action': '123'}
DEBUG:root:message_to_server: {'mode': 'MODE', 'device_mode': 'physical', 'device_type': 'car', 'device_name': 'volvo', 'sens_action': '53'}
DEBUG:root:client_exit_handler
DEBUG:root:add_client_msg_header
DEBUG:root:msg_header: {'mode': 'QUIT', 'device_mode': 'physical', 'device_type': 'car', 'device_name': 'volvo'}
DEBUG:root:message_to_server: {'mode': 'QUIT', 'device_mode': 'physical', 'device_type': 'car', 'device_name': 'volvo'}
DEBUG:root:message_from_server: b'"client succesfully terminating"'
WARNING:root:client_exit_handler: msg_from_server client succesfully terminating
INFO:root:Client succesfully terminating
INFO:root:Client started
DEBUG:root:remote_host_IP_address
DEBUG:root:comm_server_host: 127.0.0.1
DEBUG:root:create_client_socket
INFO:root:client_socket successfully created
DEBUG:root:connect_to_server
INFO:root:Client successfully connected to server- IP address:127.0.0.1, port 1102
DEBUG:root:request_system_config
DEBUG:root:message_to_server: {'mode': 'CONFIG'}
DEBUG:root:message_from_server: b'{"device_info": {"device_mode": "physical", "device_type": "car", "device_name": "volvo", "device_status": "off"}, "sensor_info": [{"sensor_mode": "physical", "sensor_type": "speed_motor", "sensor_name": "motor1", "sensor_status": "off"}, {"sensor_mode": "physical", "sensor_type": "direction_motor", "sensor_name": "motor2", "sensor_status": "off"}]}'
INFO:root:Client started
DEBUG:root:remote_host_IP_address
DEBUG:root:comm_server_host: 10.1.5.1
DEBUG:root:create_client_socket
INFO:root:client_socket successfully created
DEBUG:root:connect_to_server
INFO:root:Client successfully connected to server- IP address:10.1.5.1, port 1102
DEBUG:root:request_system_config
DEBUG:root:message_to_server: {'mode': 'CONFIG'}
DEBUG:root:message_from_server: b'{"sensor_info": [{"sensor_mode": "physical", "sensor_status": "off", "sensor_type": "speed_motor", "sensor_name": "motor1"}, {"sensor_mode": "physical", "sensor_status": "off", "sensor_type": "direction_motor", "sensor_name": "motor2"}], "device_info": {"device_name": "volvo", "device_type": "car", "device_status": "off", "device_mode": "physical"}}'
DEBUG:root:request_system_config
DEBUG:root:message_to_server: {'mode': 'CONFIG'}
DEBUG:root:message_from_server: b'{"sensor_info": [{"sensor_mode": "physical", "sensor_status": "off", "sensor_type": "speed_motor", "sensor_name": "motor1"}, {"sensor_mode": "physical", "sensor_status": "off", "sensor_type": "direction_motor", "sensor_name": "motor2"}], "device_info": {"device_name": "volvo", "device_type": "car", "device_status": "off", "device_mode": "physical"}}'
DEBUG:root:print_system_config
DEBUG:root:system_handler
INFO:root:Controlled system mod started
DEBUG:root:controlled_system
DEBUG:root:add_client_msg_header
DEBUG:root:msg_header: {'mode': 'MODE', 'device_mode': 'physical', 'device_type': 'car', 'device_name': 'volvo'}
DEBUG:root:message_to_server: {'mode': 'MODE', 'device_mode': 'physical', 'device_type': 'car', 'device_name': 'volvo', 'sens_action': '126'}
DEBUG:root:message_to_server: {'mode': 'MODE', 'device_mode': 'physical', 'device_type': 'car', 'device_name': 'volvo', 'sens_action': '125'}
DEBUG:root:message_to_server: {'mode': 'MODE', 'device_mode': 'physical', 'device_type': 'car', 'device_name': 'volvo', 'sens_action': '124'}
DEBUG:root:message_to_server: {'mode': 'MODE', 'device_mode': 'physical', 'device_type': 'car', 'device_name': 'volvo', 'sens_action': '123'}
DEBUG:root:message_to_server: {'mode': 'MODE', 'device_mode': 'physical', 'device_type': 'car', 'device_name': 'volvo', 'sens_action': '125'}
DEBUG:root:message_to_server: {'mode': 'MODE', 'device_mode': 'physical', 'device_type': 'car', 'device_name': 'volvo', 'sens_action': '124'}
DEBUG:root:message_to_server: {'mode': 'MODE', 'device_mode': 'physical', 'device_type': 'car', 'device_name': 'volvo', 'sens_action': '126'}
DEBUG:root:message_to_server: {'mode': 'MODE', 'device_mode': 'physical', 'device_type': 'car', 'device_name': 'volvo', 'sens_action': '125'}
DEBUG:root:message_to_server: {'mode': 'MODE', 'device_mode': 'physical', 'device_type': 'car', 'device_name': 'volvo', 'sens_action': '123'}
DEBUG:root:message_to_server: {'mode': 'MODE', 'device_mode': 'physical', 'device_type': 'car', 'device_name': 'volvo', 'sens_action': '124'}
DEBUG:root:message_to_server: {'mode': 'MODE', 'device_mode': 'physical', 'device_type': 'car', 'device_name': 'volvo', 'sens_action': '53'}
INFO:root:Client started
DEBUG:root:remote_host_IP_address
DEBUG:root:comm_server_host: 10.1.5.1
DEBUG:root:create_client_socket
INFO:root:client_socket successfully created
DEBUG:root:connect_to_server
INFO:root:Client successfully connected to server- IP address:10.1.5.1, port 1102
DEBUG:root:request_system_config
DEBUG:root:message_to_server: {'mode': 'CONFIG'}
DEBUG:root:message_from_server: b'{"device_info": {"device_name": "volvo", "device_mode": "physical", "device_type": "car", "device_status": "off"}, "sensor_info": [{"sensor_status": "off", "sensor_name": "motor1", "sensor_mode": "physical", "sensor_type": "speed_motor"}, {"sensor_status": "off", "sensor_name": "motor2", "sensor_mode": "physical", "sensor_type": "direction_motor"}]}'
DEBUG:root:system_handler
INFO:root:Controlled system mod started
DEBUG:root:controlled_system
DEBUG:root:add_client_msg_header
DEBUG:root:msg_header: {'mode': 'MODE', 'device_mode': 'physical', 'device_type': 'car', 'device_name': 'volvo'}
DEBUG:root:message_to_server: {'mode': 'MODE', 'device_mode': 'physical', 'device_type': 'car', 'device_name': 'volvo', 'sens_action': '125'}
DEBUG:root:message_to_server: {'mode': 'MODE', 'device_mode': 'physical', 'device_type': 'car', 'device_name': 'volvo', 'sens_action': '126'}
DEBUG:root:message_to_server: {'mode': 'MODE', 'device_mode': 'physical', 'device_type': 'car', 'device_name': 'volvo', 'sens_action': '60'}
DEBUG:root:message_to_server: {'mode': 'MODE', 'device_mode': 'physical', 'device_type': 'car', 'device_name': 'volvo', 'sens_action': '49'}
DEBUG:root:message_to_server: {'mode': 'MODE', 'device_mode': 'physical', 'device_type': 'car', 'device_name': 'volvo', 'sens_action': '53'}
INFO:root:Client started
DEBUG:root:remote_host_IP_address
DEBUG:root:comm_server_host: 127.0.0.1
DEBUG:root:create_client_socket
INFO:root:client_socket successfully created
DEBUG:root:connect_to_server
INFO:root:Client successfully connected to server- IP address:127.0.0.1, port 1102
DEBUG:root:request_system_config
DEBUG:root:message_to_server: {'mode': 'CONFIG'}
DEBUG:root:message_from_server: b'{"device_info": {"device_mode": "physical", "device_type": "car", "device_name": "volvo", "device_status": "off"}, "sensor_info": [{"sensor_mode": "physical", "sensor_type": "speed_motor", "sensor_name": "motor1", "sensor_status": "off"}, {"sensor_mode": "physical", "sensor_type": "direction_motor", "sensor_name": "motor2", "sensor_status": "off"}]}'
DEBUG:root:request_system_config
DEBUG:root:message_to_server: {'mode': 'CONFIG'}
DEBUG:root:message_from_server: b'{"device_info": {"device_mode": "physical", "device_type": "car", "device_name": "volvo", "device_status": "off"}, "sensor_info": [{"sensor_mode": "physical", "sensor_type": "speed_motor", "sensor_name": "motor1", "sensor_status": "off"}, {"sensor_mode": "physical", "sensor_type": "direction_motor", "sensor_name": "motor2", "sensor_status": "off"}]}'
DEBUG:root:print_system_config
INFO:root:Client started
DEBUG:root:remote_host_IP_address
DEBUG:root:comm_server_host: 127.0.0.1
DEBUG:root:create_client_socket
INFO:root:client_socket successfully created
DEBUG:root:connect_to_server
INFO:root:Client successfully connected to server- IP address:127.0.0.1, port 1102
DEBUG:root:request_system_config
DEBUG:root:message_to_server: {'mode': 'CONFIG'}
DEBUG:root:message_from_server: b'{"device_info": {"device_mode": "physical", "device_type": "car", "device_name": "volvo", "device_status": "off"}, "sensor_info": [{"sensor_mode": "physical", "sensor_type": "speed_motor", "sensor_name": "motor1", "sensor_status": "off"}, {"sensor_mode": "physical", "sensor_type": "direction_motor", "sensor_name": "motor2", "sensor_status": "off"}]}'
DEBUG:root:request_system_config
DEBUG:root:message_to_server: {'mode': 'CONFIG'}
DEBUG:root:message_from_server: b'{"device_info": {"device_mode": "physical", "device_type": "car", "device_name": "volvo", "device_status": "off"}, "sensor_info": [{"sensor_mode": "physical", "sensor_type": "speed_motor", "sensor_name": "motor1", "sensor_status": "off"}, {"sensor_mode": "physical", "sensor_type": "direction_motor", "sensor_name": "motor2", "sensor_status": "off"}]}'
DEBUG:root:print_system_config
DEBUG:root:system_handler
INFO:root:Controlled system mod started
DEBUG:root:controlled_system
DEBUG:root:add_client_msg_header
DEBUG:root:msg_header: {'mode': 'MODE', 'device_mode': 'physical', 'device_type': 'car', 'device_name': 'volvo'}
DEBUG:root:message_to_server: {'mode': 'MODE', 'device_mode': 'physical', 'device_type': 'car', 'device_name': 'volvo', 'sens_action': '36'}
DEBUG:root:message_to_server: {'mode': 'MODE', 'device_mode': 'physical', 'device_type': 'car', 'device_name': 'volvo', 'sens_action': '36'}
DEBUG:root:message_to_server: {'mode': 'MODE', 'device_mode': 'physical', 'device_type': 'car', 'device_name': 'volvo', 'sens_action': '36'}
DEBUG:root:message_to_server: {'mode': 'MODE', 'device_mode': 'physical', 'device_type': 'car', 'device_name': 'volvo', 'sens_action': '36'}
DEBUG:root:message_to_server: {'mode': 'MODE', 'device_mode': 'physical', 'device_type': 'car', 'device_name': 'volvo', 'sens_action': '36'}
DEBUG:root:message_to_server: {'mode': 'MODE', 'device_mode': 'physical', 'device_type': 'car', 'device_name': 'volvo', 'sens_action': '36'}
DEBUG:root:message_to_server: {'mode': 'MODE', 'device_mode': 'physical', 'device_type': 'car', 'device_name': 'volvo', 'sens_action': '48'}
DEBUG:root:message_to_server: {'mode': 'MODE', 'device_mode': 'physical', 'device_type': 'car', 'device_name': 'volvo', 'sens_action': '48'}
DEBUG:root:message_to_server: {'mode': 'MODE', 'device_mode': 'physical', 'device_type': 'car', 'device_name': 'volvo', 'sens_action': '53'}
DEBUG:root:request_system_config
DEBUG:root:message_to_server: {'mode': 'CONFIG'}
DEBUG:root:message_from_server: b'{"device_info": {"device_mode": "physical", "device_type": "car", "device_name": "volvo", "device_status": "off"}, "sensor_info": [{"sensor_mode": "physical", "sensor_type": "speed_motor", "sensor_name": "motor1", "sensor_status": "off"}, {"sensor_mode": "physical", "sensor_type": "direction_motor", "sensor_name": "motor2", "sensor_status": "off"}]}'
DEBUG:root:print_system_config
DEBUG:root:request_system_config
DEBUG:root:message_to_server: {'mode': 'CONFIG'}
DEBUG:root:message_from_server: b'{"device_info": {"device_mode": "physical", "device_type": "car", "device_name": "volvo", "device_status": "off"}, "sensor_info": [{"sensor_mode": "physical", "sensor_type": "speed_motor", "sensor_name": "motor1", "sensor_status": "off"}, {"sensor_mode": "physical", "sensor_type": "direction_motor", "sensor_name": "motor2", "sensor_status": "off"}]}'
DEBUG:root:print_system_config
DEBUG:root:client_exit_handler
DEBUG:root:add_client_msg_header
DEBUG:root:msg_header: {'mode': 'QUIT', 'device_mode': 'physical', 'device_type': 'car', 'device_name': 'volvo'}
DEBUG:root:message_to_server: {'mode': 'QUIT', 'device_mode': 'physical', 'device_type': 'car', 'device_name': 'volvo'}
DEBUG:root:message_from_server: b'"client succesfully terminating"'
WARNING:root:client_exit_handler: msg_from_server client succesfully terminating
INFO:root:Client succesfully terminating
DEBUG:root:request_system_config
DEBUG:root:message_to_server: {'mode': 'CONFIG'}
DEBUG:root:message_from_server: b'{"device_info": {"device_mode": "physical", "device_type": "car", "device_name": "volvo", "device_status": "off"}, "sensor_info": [{"sensor_mode": "physical", "sensor_type": "speed_motor", "sensor_name": "motor1", "sensor_status": "off"}, {"sensor_mode": "physical", "sensor_type": "direction_motor", "sensor_name": "motor2", "sensor_status": "off"}]}'
DEBUG:root:print_system_config
DEBUG:root:client_exit_handler
DEBUG:root:add_client_msg_header
DEBUG:root:msg_header: {'mode': 'QUIT', 'device_mode': 'physical', 'device_type': 'car', 'device_name': 'volvo'}
DEBUG:root:message_to_server: {'mode': 'QUIT', 'device_mode': 'physical', 'device_type': 'car', 'device_name': 'volvo'}
DEBUG:root:message_from_server: b'"client succesfully terminating"'
WARNING:root:client_exit_handler: msg_from_server client succesfully terminating
INFO:root:Client succesfully terminating
